<?xml version="1.0" encoding="UTF-8"?>
<testng-results ignored="0" total="1" passed="1" failed="0" skipped="0">
  <reporter-output>
  </reporter-output>
  <suite started-at="2021-05-22T23:01:04 CDT" name="Default suite" finished-at="2021-05-22T23:01:09 CDT" duration-ms="5577">
    <groups>
    </groups>
    <test started-at="2021-05-22T23:01:04 CDT" name="Default test" finished-at="2021-05-22T23:01:09 CDT" duration-ms="5577">
      <class name="g99IPTests.LoginTest">
        <test-method is-config="true" signature="setUp()[pri:0, instance:g99IPTests.LoginTest@4722ef0c]" started-at="2021-05-22T23:01:04 CDT" name="setUp" finished-at="2021-05-22T23:01:06 CDT" duration-ms="2383" status="PASS">
          <reporter-output>
          </reporter-output>
        </test-method> <!-- setUp -->
        <test-method signature="logIn()[pri:0, instance:g99IPTests.LoginTest@4722ef0c]" started-at="2021-05-22T23:01:06 CDT" name="logIn" finished-at="2021-05-22T23:01:08 CDT" duration-ms="2227" status="PASS">
          <reporter-output>
          </reporter-output>
        </test-method> <!-- logIn -->
        <test-method is-config="true" signature="tearDown()[pri:0, instance:g99IPTests.LoginTest@4722ef0c]" started-at="2021-05-22T23:01:08 CDT" name="tearDown" finished-at="2021-05-22T23:01:09 CDT" duration-ms="897" status="PASS">
          <reporter-output>
          </reporter-output>
        </test-method> <!-- tearDown -->
      </class> <!-- g99IPTests.LoginTest -->
    </test> <!-- Default test -->
  </suite> <!-- Default suite -->
</testng-results>
