<?xml version="1.0" encoding="UTF-8"?>
<!-- Generated by org.testng.reporters.JUnitXMLReporter -->
<testsuite ignored="0" hostname="DESKTOP-CJNJCF2" failures="1" tests="1" name="Login" time="7.581" errors="0" timestamp="2021-02-18T15:25:37 CST">
  <testcase classname="g99IPTests.LoginTest" name="logIn" time="3.418">
    <failure type="java.lang.AssertionError" message="expected [Insurance Broker System] but found [Insurance Broker System - Login]">
      <![CDATA[java.lang.AssertionError: expected [Insurance Broker System] but found [Insurance Broker System - Login]
at g99IPTests.LoginTest.logIn(LoginTest.java:54)
at java.base/java.util.ArrayList.forEach(ArrayList.java:1511)
... Removed 33 stack frames]]>
    </failure>
  </testcase> <!-- logIn -->
</testsuite> <!-- Login -->
