<?xml version="1.0" encoding="UTF-8"?>
<!-- Generated by org.testng.reporters.JUnitXMLReporter -->
<testsuite ignored="0" hostname="DESKTOP-CJNJCF2" failures="11" tests="11" name="requestQuotation" time="21.0" errors="0" timestamp="2021-02-18T21:08:43 CST">
  <testcase classname="g99IPTests.RequestQuotationTestWithDataProviders" name="ReuestQuotaiontest2" time="1.756">
    <failure type="java.lang.NullPointerException" message="Cannot invoke &amp;quot;org.openqa.selenium.SearchContext.findElement(org.openqa.selenium.By)&amp;quot; because &amp;quot;this.searchContext&amp;quot; is null">
      <![CDATA[java.lang.NullPointerException: Cannot invoke "org.openqa.selenium.SearchContext.findElement(org.openqa.selenium.By)" because "this.searchContext" is null
at org.openqa.selenium.support.pagefactory.DefaultElementLocator.findElement(DefaultElementLocator.java:69)
at org.openqa.selenium.support.pagefactory.internal.LocatingElementHandler.invoke(LocatingElementHandler.java:38)
at com.sun.proxy.$Proxy13.toString(Unknown Source)
at java.base/java.lang.String.valueOf(String.java:3367)
at java.base/java.lang.StringBuilder.append(StringBuilder.java:167)
at g99IPPageObjects.RequestQuotationPage.clickReqQuo(RequestQuotationPage.java:20)
at g99IPTests.RequestQuotationTestWithDataProviders.clickpro(RequestQuotationTestWithDataProviders.java:22)
at g99IPTests.RequestQuotationTestWithDataProviders.ReuestQuotaiontest2(RequestQuotationTestWithDataProviders.java:28)
at java.base/java.util.ArrayList.forEach(ArrayList.java:1511)
... Removed 27 stack frames]]>
    </failure>
  </testcase> <!-- ReuestQuotaiontest2 -->
  <testcase classname="g99IPTests.RequestQuotationTestWithDataProviders" name="ReuestQuotaiontest2" time="1.693">
    <failure type="java.lang.NullPointerException" message="Cannot invoke &amp;quot;org.openqa.selenium.SearchContext.findElement(org.openqa.selenium.By)&amp;quot; because &amp;quot;this.searchContext&amp;quot; is null">
      <![CDATA[java.lang.NullPointerException: Cannot invoke "org.openqa.selenium.SearchContext.findElement(org.openqa.selenium.By)" because "this.searchContext" is null
at org.openqa.selenium.support.pagefactory.DefaultElementLocator.findElement(DefaultElementLocator.java:69)
at org.openqa.selenium.support.pagefactory.internal.LocatingElementHandler.invoke(LocatingElementHandler.java:38)
at com.sun.proxy.$Proxy13.toString(Unknown Source)
at java.base/java.lang.String.valueOf(String.java:3367)
at java.base/java.lang.StringBuilder.append(StringBuilder.java:167)
at g99IPPageObjects.RequestQuotationPage.clickReqQuo(RequestQuotationPage.java:20)
at g99IPTests.RequestQuotationTestWithDataProviders.clickpro(RequestQuotationTestWithDataProviders.java:22)
at g99IPTests.RequestQuotationTestWithDataProviders.ReuestQuotaiontest2(RequestQuotationTestWithDataProviders.java:28)
at java.base/java.util.ArrayList.forEach(ArrayList.java:1511)
... Removed 27 stack frames]]>
    </failure>
  </testcase> <!-- ReuestQuotaiontest2 -->
  <testcase classname="g99IPTests.RequestQuotationTestWithDataProviders" name="ReuestQuotaiontest2" time="1.001">
    <failure type="java.lang.NullPointerException" message="Cannot invoke &amp;quot;org.openqa.selenium.SearchContext.findElement(org.openqa.selenium.By)&amp;quot; because &amp;quot;this.searchContext&amp;quot; is null">
      <![CDATA[java.lang.NullPointerException: Cannot invoke "org.openqa.selenium.SearchContext.findElement(org.openqa.selenium.By)" because "this.searchContext" is null
at org.openqa.selenium.support.pagefactory.DefaultElementLocator.findElement(DefaultElementLocator.java:69)
at org.openqa.selenium.support.pagefactory.internal.LocatingElementHandler.invoke(LocatingElementHandler.java:38)
at com.sun.proxy.$Proxy13.toString(Unknown Source)
at java.base/java.lang.String.valueOf(String.java:3367)
at java.base/java.lang.StringBuilder.append(StringBuilder.java:167)
at g99IPPageObjects.RequestQuotationPage.clickReqQuo(RequestQuotationPage.java:20)
at g99IPTests.RequestQuotationTestWithDataProviders.clickpro(RequestQuotationTestWithDataProviders.java:22)
at g99IPTests.RequestQuotationTestWithDataProviders.ReuestQuotaiontest2(RequestQuotationTestWithDataProviders.java:28)
at java.base/java.util.ArrayList.forEach(ArrayList.java:1511)
... Removed 27 stack frames]]>
    </failure>
  </testcase> <!-- ReuestQuotaiontest2 -->
  <testcase classname="g99IPTests.RequestQuotationTestWithDataProviders" name="ReuestQuotaiontest2" time="0.943">
    <failure type="java.lang.NullPointerException" message="Cannot invoke &amp;quot;org.openqa.selenium.SearchContext.findElement(org.openqa.selenium.By)&amp;quot; because &amp;quot;this.searchContext&amp;quot; is null">
      <![CDATA[java.lang.NullPointerException: Cannot invoke "org.openqa.selenium.SearchContext.findElement(org.openqa.selenium.By)" because "this.searchContext" is null
at org.openqa.selenium.support.pagefactory.DefaultElementLocator.findElement(DefaultElementLocator.java:69)
at org.openqa.selenium.support.pagefactory.internal.LocatingElementHandler.invoke(LocatingElementHandler.java:38)
at com.sun.proxy.$Proxy13.toString(Unknown Source)
at java.base/java.lang.String.valueOf(String.java:3367)
at java.base/java.lang.StringBuilder.append(StringBuilder.java:167)
at g99IPPageObjects.RequestQuotationPage.clickReqQuo(RequestQuotationPage.java:20)
at g99IPTests.RequestQuotationTestWithDataProviders.clickpro(RequestQuotationTestWithDataProviders.java:22)
at g99IPTests.RequestQuotationTestWithDataProviders.ReuestQuotaiontest2(RequestQuotationTestWithDataProviders.java:28)
at java.base/java.util.ArrayList.forEach(ArrayList.java:1511)
... Removed 27 stack frames]]>
    </failure>
  </testcase> <!-- ReuestQuotaiontest2 -->
  <testcase classname="g99IPTests.RequestQuotationTestWithDataProviders" name="ReuestQuotaiontest2" time="1.13">
    <failure type="java.lang.NullPointerException" message="Cannot invoke &amp;quot;org.openqa.selenium.SearchContext.findElement(org.openqa.selenium.By)&amp;quot; because &amp;quot;this.searchContext&amp;quot; is null">
      <![CDATA[java.lang.NullPointerException: Cannot invoke "org.openqa.selenium.SearchContext.findElement(org.openqa.selenium.By)" because "this.searchContext" is null
at org.openqa.selenium.support.pagefactory.DefaultElementLocator.findElement(DefaultElementLocator.java:69)
at org.openqa.selenium.support.pagefactory.internal.LocatingElementHandler.invoke(LocatingElementHandler.java:38)
at com.sun.proxy.$Proxy13.toString(Unknown Source)
at java.base/java.lang.String.valueOf(String.java:3367)
at java.base/java.lang.StringBuilder.append(StringBuilder.java:167)
at g99IPPageObjects.RequestQuotationPage.clickReqQuo(RequestQuotationPage.java:20)
at g99IPTests.RequestQuotationTestWithDataProviders.clickpro(RequestQuotationTestWithDataProviders.java:22)
at g99IPTests.RequestQuotationTestWithDataProviders.ReuestQuotaiontest2(RequestQuotationTestWithDataProviders.java:28)
at java.base/java.util.ArrayList.forEach(ArrayList.java:1511)
... Removed 27 stack frames]]>
    </failure>
  </testcase> <!-- ReuestQuotaiontest2 -->
  <testcase classname="g99IPTests.RequestQuotationTestWithDataProviders" name="ReuestQuotaiontest2" time="1.042">
    <failure type="java.lang.NullPointerException" message="Cannot invoke &amp;quot;org.openqa.selenium.SearchContext.findElement(org.openqa.selenium.By)&amp;quot; because &amp;quot;this.searchContext&amp;quot; is null">
      <![CDATA[java.lang.NullPointerException: Cannot invoke "org.openqa.selenium.SearchContext.findElement(org.openqa.selenium.By)" because "this.searchContext" is null
at org.openqa.selenium.support.pagefactory.DefaultElementLocator.findElement(DefaultElementLocator.java:69)
at org.openqa.selenium.support.pagefactory.internal.LocatingElementHandler.invoke(LocatingElementHandler.java:38)
at com.sun.proxy.$Proxy13.toString(Unknown Source)
at java.base/java.lang.String.valueOf(String.java:3367)
at java.base/java.lang.StringBuilder.append(StringBuilder.java:167)
at g99IPPageObjects.RequestQuotationPage.clickReqQuo(RequestQuotationPage.java:20)
at g99IPTests.RequestQuotationTestWithDataProviders.clickpro(RequestQuotationTestWithDataProviders.java:22)
at g99IPTests.RequestQuotationTestWithDataProviders.ReuestQuotaiontest2(RequestQuotationTestWithDataProviders.java:28)
at java.base/java.util.ArrayList.forEach(ArrayList.java:1511)
... Removed 27 stack frames]]>
    </failure>
  </testcase> <!-- ReuestQuotaiontest2 -->
  <testcase classname="g99IPTests.RequestQuotationTestWithDataProviders" name="ReuestQuotaiontest2" time="0.969">
    <failure type="java.lang.NullPointerException" message="Cannot invoke &amp;quot;org.openqa.selenium.SearchContext.findElement(org.openqa.selenium.By)&amp;quot; because &amp;quot;this.searchContext&amp;quot; is null">
      <![CDATA[java.lang.NullPointerException: Cannot invoke "org.openqa.selenium.SearchContext.findElement(org.openqa.selenium.By)" because "this.searchContext" is null
at org.openqa.selenium.support.pagefactory.DefaultElementLocator.findElement(DefaultElementLocator.java:69)
at org.openqa.selenium.support.pagefactory.internal.LocatingElementHandler.invoke(LocatingElementHandler.java:38)
at com.sun.proxy.$Proxy13.toString(Unknown Source)
at java.base/java.lang.String.valueOf(String.java:3367)
at java.base/java.lang.StringBuilder.append(StringBuilder.java:167)
at g99IPPageObjects.RequestQuotationPage.clickReqQuo(RequestQuotationPage.java:20)
at g99IPTests.RequestQuotationTestWithDataProviders.clickpro(RequestQuotationTestWithDataProviders.java:22)
at g99IPTests.RequestQuotationTestWithDataProviders.ReuestQuotaiontest2(RequestQuotationTestWithDataProviders.java:28)
at java.base/java.util.ArrayList.forEach(ArrayList.java:1511)
... Removed 27 stack frames]]>
    </failure>
  </testcase> <!-- ReuestQuotaiontest2 -->
  <testcase classname="g99IPTests.RequestQuotationTestWithDataProviders" name="ReuestQuotaiontest2" time="1.046">
    <failure type="java.lang.NullPointerException" message="Cannot invoke &amp;quot;org.openqa.selenium.SearchContext.findElement(org.openqa.selenium.By)&amp;quot; because &amp;quot;this.searchContext&amp;quot; is null">
      <![CDATA[java.lang.NullPointerException: Cannot invoke "org.openqa.selenium.SearchContext.findElement(org.openqa.selenium.By)" because "this.searchContext" is null
at org.openqa.selenium.support.pagefactory.DefaultElementLocator.findElement(DefaultElementLocator.java:69)
at org.openqa.selenium.support.pagefactory.internal.LocatingElementHandler.invoke(LocatingElementHandler.java:38)
at com.sun.proxy.$Proxy13.toString(Unknown Source)
at java.base/java.lang.String.valueOf(String.java:3367)
at java.base/java.lang.StringBuilder.append(StringBuilder.java:167)
at g99IPPageObjects.RequestQuotationPage.clickReqQuo(RequestQuotationPage.java:20)
at g99IPTests.RequestQuotationTestWithDataProviders.clickpro(RequestQuotationTestWithDataProviders.java:22)
at g99IPTests.RequestQuotationTestWithDataProviders.ReuestQuotaiontest2(RequestQuotationTestWithDataProviders.java:28)
at java.base/java.util.ArrayList.forEach(ArrayList.java:1511)
... Removed 27 stack frames]]>
    </failure>
  </testcase> <!-- ReuestQuotaiontest2 -->
  <testcase classname="g99IPTests.RequestQuotationTestWithDataProviders" name="ReuestQuotaiontest2" time="1.0">
    <failure type="java.lang.NullPointerException" message="Cannot invoke &amp;quot;org.openqa.selenium.SearchContext.findElement(org.openqa.selenium.By)&amp;quot; because &amp;quot;this.searchContext&amp;quot; is null">
      <![CDATA[java.lang.NullPointerException: Cannot invoke "org.openqa.selenium.SearchContext.findElement(org.openqa.selenium.By)" because "this.searchContext" is null
at org.openqa.selenium.support.pagefactory.DefaultElementLocator.findElement(DefaultElementLocator.java:69)
at org.openqa.selenium.support.pagefactory.internal.LocatingElementHandler.invoke(LocatingElementHandler.java:38)
at com.sun.proxy.$Proxy13.toString(Unknown Source)
at java.base/java.lang.String.valueOf(String.java:3367)
at java.base/java.lang.StringBuilder.append(StringBuilder.java:167)
at g99IPPageObjects.RequestQuotationPage.clickReqQuo(RequestQuotationPage.java:20)
at g99IPTests.RequestQuotationTestWithDataProviders.clickpro(RequestQuotationTestWithDataProviders.java:22)
at g99IPTests.RequestQuotationTestWithDataProviders.ReuestQuotaiontest2(RequestQuotationTestWithDataProviders.java:28)
at java.base/java.util.ArrayList.forEach(ArrayList.java:1511)
... Removed 27 stack frames]]>
    </failure>
  </testcase> <!-- ReuestQuotaiontest2 -->
  <testcase classname="g99IPTests.RequestQuotationTestWithDataProviders" name="ReuestQuotaiontest2" time="1.339">
    <failure type="java.lang.NullPointerException" message="Cannot invoke &amp;quot;org.openqa.selenium.SearchContext.findElement(org.openqa.selenium.By)&amp;quot; because &amp;quot;this.searchContext&amp;quot; is null">
      <![CDATA[java.lang.NullPointerException: Cannot invoke "org.openqa.selenium.SearchContext.findElement(org.openqa.selenium.By)" because "this.searchContext" is null
at org.openqa.selenium.support.pagefactory.DefaultElementLocator.findElement(DefaultElementLocator.java:69)
at org.openqa.selenium.support.pagefactory.internal.LocatingElementHandler.invoke(LocatingElementHandler.java:38)
at com.sun.proxy.$Proxy13.toString(Unknown Source)
at java.base/java.lang.String.valueOf(String.java:3367)
at java.base/java.lang.StringBuilder.append(StringBuilder.java:167)
at g99IPPageObjects.RequestQuotationPage.clickReqQuo(RequestQuotationPage.java:20)
at g99IPTests.RequestQuotationTestWithDataProviders.clickpro(RequestQuotationTestWithDataProviders.java:22)
at g99IPTests.RequestQuotationTestWithDataProviders.ReuestQuotaiontest2(RequestQuotationTestWithDataProviders.java:28)
at java.base/java.util.ArrayList.forEach(ArrayList.java:1511)
... Removed 27 stack frames]]>
    </failure>
  </testcase> <!-- ReuestQuotaiontest2 -->
  <testcase classname="g99IPTests.RequestQuotationTestWithDataProviders" name="clickpro" time="1.361">
    <failure type="java.lang.NullPointerException" message="Cannot invoke &amp;quot;org.openqa.selenium.SearchContext.findElement(org.openqa.selenium.By)&amp;quot; because &amp;quot;this.searchContext&amp;quot; is null">
      <![CDATA[java.lang.NullPointerException: Cannot invoke "org.openqa.selenium.SearchContext.findElement(org.openqa.selenium.By)" because "this.searchContext" is null
at org.openqa.selenium.support.pagefactory.DefaultElementLocator.findElement(DefaultElementLocator.java:69)
at org.openqa.selenium.support.pagefactory.internal.LocatingElementHandler.invoke(LocatingElementHandler.java:38)
at com.sun.proxy.$Proxy13.toString(Unknown Source)
at java.base/java.lang.String.valueOf(String.java:3367)
at java.base/java.lang.StringBuilder.append(StringBuilder.java:167)
at g99IPPageObjects.RequestQuotationPage.clickReqQuo(RequestQuotationPage.java:20)
at g99IPTests.RequestQuotationTestWithDataProviders.clickpro(RequestQuotationTestWithDataProviders.java:22)
at java.base/java.util.ArrayList.forEach(ArrayList.java:1511)
... Removed 27 stack frames]]>
    </failure>
  </testcase> <!-- clickpro -->
</testsuite> <!-- requestQuotation -->
