<?xml version="1.0" encoding="UTF-8"?>
<!-- Generated by org.testng.reporters.JUnitXMLReporter -->
<testsuite ignored="0" hostname="DESKTOP-CJNJCF2" failures="2" tests="2" name="requestQuotation With data provider" time="9.805" errors="0" timestamp="2021-02-18T19:45:37 CST">
  <testcase classname="g99IPTests.RequestQuotationTestWithDataProviders" name="reqClick" time="1.648">
    <failure type="java.lang.NullPointerException" message="Cannot invoke &amp;quot;org.openqa.selenium.SearchContext.findElement(org.openqa.selenium.By)&amp;quot; because &amp;quot;this.searchContext&amp;quot; is null">
      <![CDATA[java.lang.NullPointerException: Cannot invoke "org.openqa.selenium.SearchContext.findElement(org.openqa.selenium.By)" because "this.searchContext" is null
at org.openqa.selenium.support.pagefactory.DefaultElementLocator.findElement(DefaultElementLocator.java:69)
at org.openqa.selenium.support.pagefactory.internal.LocatingElementHandler.invoke(LocatingElementHandler.java:38)
at com.sun.proxy.$Proxy13.click(Unknown Source)
at g99IPPageObjects.RequestQuotationPage.clickReqQuo(RequestQuotationPage.java:20)
at g99IPTests.RequestQuotationTestWithDataProviders.reqClick(RequestQuotationTestWithDataProviders.java:27)
at java.base/java.util.ArrayList.forEach(ArrayList.java:1511)
... Removed 27 stack frames]]>
    </failure>
  </testcase> <!-- reqClick -->
  <testcase classname="g99IPTests.RequestQuotationTestWithDataProviders" name="ReuestQuotaiontest2" time="4.196">
    <failure type="org.testng.internal.reflect.MethodMatcherException" message="
[public void g99IPTests.RequestQuotationTestWithDataProviders.ReuestQuotaiontest2(int,java.lang.String,int,int,int,int,int,int,int,int,java.lang.String) throws java.io.IOException] has no parameters defined but was found to be using a data provider (either explicitly specified or inherited from class level annotation).
Data provider mismatch
Method: ReuestQuotaiontest2([Parameter{index=0, type=int, declaredAnnotations=[]}, Parameter{index=1, type=java.lang.String, declaredAnnotations=[]}, Parameter{index=2, type=int, declaredAnnotations=[]}, Parameter{index=3, type=int, declaredAnnotations=[]}, Parameter{index=4, type=int, declaredAnnotations=[]}, Parameter{index=5, type=int, declaredAnnotations=[]}, Parameter{index=6, type=int, declaredAnnotations=[]}, Parameter{index=7, type=int, declaredAnnotations=[]}, Parameter{index=8, type=int, declaredAnnotations=[]}, Parameter{index=9, type=int, declaredAnnotations=[]}, Parameter{index=10, type=java.lang.String, declaredAnnotations=[]}])
Arguments: [(java.lang.String) 1,(java.lang.String) No,(java.lang.String) 2,(java.lang.String) 1111,(java.lang.String) 4500,(java.lang.String) 20000,(java.lang.String) 4,(java.lang.String) 2014,(java.lang.String) 2,(java.lang.String) 7,(java.lang.String) premium increase by1%]">
      <![CDATA[org.testng.internal.reflect.MethodMatcherException: 
[public void g99IPTests.RequestQuotationTestWithDataProviders.ReuestQuotaiontest2(int,java.lang.String,int,int,int,int,int,int,int,int,java.lang.String) throws java.io.IOException] has no parameters defined but was found to be using a data provider (either explicitly specified or inherited from class level annotation).
Data provider mismatch
Method: ReuestQuotaiontest2([Parameter{index=0, type=int, declaredAnnotations=[]}, Parameter{index=1, type=java.lang.String, declaredAnnotations=[]}, Parameter{index=2, type=int, declaredAnnotations=[]}, Parameter{index=3, type=int, declaredAnnotations=[]}, Parameter{index=4, type=int, declaredAnnotations=[]}, Parameter{index=5, type=int, declaredAnnotations=[]}, Parameter{index=6, type=int, declaredAnnotations=[]}, Parameter{index=7, type=int, declaredAnnotations=[]}, Parameter{index=8, type=int, declaredAnnotations=[]}, Parameter{index=9, type=int, declaredAnnotations=[]}, Parameter{index=10, type=java.lang.String, declaredAnnotations=[]}])
Arguments: [(java.lang.String) 1,(java.lang.String) No,(java.lang.String) 2,(java.lang.String) 1111,(java.lang.String) 4500,(java.lang.String) 20000,(java.lang.String) 4,(java.lang.String) 2014,(java.lang.String) 2,(java.lang.String) 7,(java.lang.String) premium increase by1%]
at java.base/java.util.ArrayList.forEach(ArrayList.java:1511)
... Removed 22 stack frames]]>
    </failure>
  </testcase> <!-- ReuestQuotaiontest2 -->
</testsuite> <!-- requestQuotation With data provider -->
